\BOOKMARK [0][-]{section*.1}{Pobreza}{}% 1
\BOOKMARK [1][-]{section*.2}{ Línea de pobreza total }{section*.1}% 2
\BOOKMARK [1][-]{section*.3}{\040Pobreza\040total}{section*.1}% 3
\BOOKMARK [1][-]{section*.4}{\040Pobreza\040total\040por\040etnicidad}{section*.1}% 4
\BOOKMARK [1][-]{section*.5}{ Pobreza total por área de residencia}{section*.1}% 5
\BOOKMARK [1][-]{section*.6}{\040Pobreza\040total\040en\040los\040departamentos\0402006}{section*.1}% 6
\BOOKMARK [1][-]{section*.7}{ Línea de pobreza extrema}{section*.1}% 7
\BOOKMARK [1][-]{section*.8}{\040Pobreza\040extrema}{section*.1}% 8
\BOOKMARK [1][-]{section*.9}{\040Pobreza\040extrema\040por\040etnicidad}{section*.1}% 9
\BOOKMARK [1][-]{section*.10}{ Pobreza extrema por área de residencia}{section*.1}% 10
\BOOKMARK [1][-]{section*.11}{\040Pobreza\040extrema\040en\040los\040departamentos}{section*.1}% 11
\BOOKMARK [1][-]{section*.12}{\040Brecha\040de\040pobreza\040total}{section*.1}% 12
\BOOKMARK [1][-]{section*.13}{\040Brecha\040de\040pobreza\040extrema}{section*.1}% 13
\BOOKMARK [1][-]{section*.14}{\040Brecha\040de\040la\040pobreza\040total\040en\040los\040departamentos}{section*.1}% 14
\BOOKMARK [1][-]{section*.15}{\040Severidad\040de\040la\040pobreza}{section*.1}% 15
\BOOKMARK [1][-]{section*.16}{\040Severidad\040de\040la\040pobreza\040total\040en\040los\040departamentos}{section*.1}% 16
\BOOKMARK [0][-]{section*.17}{Desigualdad}{}% 17
\BOOKMARK [1][-]{section*.18}{ Desigualdad según el coeficiente de Gini}{section*.17}% 18
\BOOKMARK [1][-]{section*.19}{ Desigualdad según el índice de Atkinson con =1}{section*.17}% 19
\BOOKMARK [1][-]{section*.20}{ Desigualdad según el índice de Atkinson con =2}{section*.17}% 20
\BOOKMARK [1][-]{section*.21}{ Desigualdad según el índice de Theil}{section*.17}% 21
\BOOKMARK [1][-]{section*.22}{ Participación del quintil más bajo}{section*.17}% 22
\BOOKMARK [1][-]{section*.23}{ Participación del quintil más alto}{section*.17}% 23
\BOOKMARK [1][-]{section*.24}{ Relación de ingresos del quintil más alto y más bajo}{section*.17}% 24
\BOOKMARK [1][-]{section*.25}{ Desigualdad en los departamentos según el coeficiente de Gini }{section*.17}% 25
\BOOKMARK [1][-]{section*.26}{ Desigualdad en los departamentos según el índice de Atkinson con = 1}{section*.17}% 26
\BOOKMARK [1][-]{section*.27}{ Desigualdad en los departamentos según el índice de Atkinson con = 2}{section*.17}% 27
\BOOKMARK [1][-]{section*.28}{ Desigualdad en los departamentos según el índice de Theil}{section*.17}% 28
\BOOKMARK [0][-]{section*.29}{Objetivos\040de\040Desarrollo\040del\040Milenio}{}% 29
\BOOKMARK [1][-]{section*.30}{ Población con gastos inferiores a la línea de pobreza extrema}{section*.29}% 30
\BOOKMARK [1][-]{section*.31}{ Población con gastos inferiores a la línea de pobreza extrema por área de residencia}{section*.29}% 31
\BOOKMARK [1][-]{section*.32}{ Población con gastos inferiores a la línea de pobreza extrema en los departamentos}{section*.29}% 32
\BOOKMARK [1][-]{section*.33}{ Consumo Nacional de la quinta parte de la población más pobre}{section*.29}% 33
\BOOKMARK [1][-]{section*.34}{ Consumo Nacional del quintil más pobre por área de residencia}{section*.29}% 34
\BOOKMARK [1][-]{section*.35}{\040Empleo\040pleno\040y\040productivo}{section*.29}% 35
\BOOKMARK [1][-]{section*.36}{ Empleo pleno y productivo por área de residencia}{section*.29}% 36
\BOOKMARK [1][-]{section*.37}{\040Empleo\040pleno\040y\040productivo\040en\040los\040departamentos}{section*.29}% 37
\BOOKMARK [1][-]{section*.38}{ Población ocupada no asalariada}{section*.29}% 38
\BOOKMARK [1][-]{section*.39}{ Población ocupada no asalariada por área de residencia}{section*.29}% 39
\BOOKMARK [1][-]{section*.40}{ Población ocupada no asalariada en los departamentos}{section*.29}% 40
\BOOKMARK [1][-]{section*.41}{ Alfabetismo en jóvenes}{section*.29}% 41
\BOOKMARK [1][-]{section*.42}{ Alfabetismo en jóvenes por área de residencia}{section*.29}% 42
\BOOKMARK [1][-]{section*.43}{ Alfabetismo en jóvenes en los departamentos}{section*.29}% 43
\BOOKMARK [1][-]{section*.44}{ Mujeres empleadas remuneradas en el sector no agrícola}{section*.29}% 44
\BOOKMARK [1][-]{section*.45}{ Mujeres empleadas remuneradas en el sector no agrícola por área de residencia}{section*.29}% 45
\BOOKMARK [1][-]{section*.46}{ Mujeres empleadas remuneradas en el sector no agrícola}{section*.29}% 46
\BOOKMARK [1][-]{section*.47}{\040Partos\040con\040asistencia\040de\040personal\040de\040salud\040}{section*.29}% 47
\BOOKMARK [1][-]{section*.48}{ Partos con asistencia de personal de salud por área de residencia}{section*.29}% 48
\BOOKMARK [1][-]{section*.49}{\040Partos\040con\040asistencia\040de\040personal\040de\040salud\040en\040los\040departamentos}{section*.29}% 49
\BOOKMARK [1][-]{section*.50}{ Atención del parto en centros públicos}{section*.29}% 50
\BOOKMARK [1][-]{section*.51}{ Atención del parto en centros públicos por área de residencia}{section*.29}% 51
\BOOKMARK [1][-]{section*.52}{ Atención del parto en centros públicos en los departamentos}{section*.29}% 52
\BOOKMARK [1][-]{section*.53}{\040Acceso\040a\040agua\040mejorada}{section*.29}% 53
\BOOKMARK [1][-]{section*.54}{ Acceso a agua mejorada por área de residencia}{section*.29}% 54
\BOOKMARK [1][-]{section*.55}{\040Acceso\040a\040agua\040mejorada\040en\040los\040departamentos}{section*.29}% 55
\BOOKMARK [1][-]{section*.56}{\040Acceso\040a\040saneamiento\040mejorado}{section*.29}% 56
\BOOKMARK [1][-]{section*.57}{ Acceso a saneamiento mejorado por área de residencia}{section*.29}% 57
\BOOKMARK [1][-]{section*.58}{\040Acceso\040a\040saneamiento\040mejorado\040en\040los\040departamentos}{section*.29}% 58
